<?xml version="1.0" encoding="UTF-8"?>
<!-- Generated by org.testng.reporters.JUnitXMLReporter -->
<testsuite hostname="DESKTOP-GGKFFDV" ignored="0" name="Default test" tests="4" failures="0" timestamp="25 Aug 2020 08:57:25 GMT" time="52.815" errors="0">
  <testcase name="verifyGoogletitle" time="0.024" classname="ashwini.GoogleTest"/>
  <testcase name="verifyTest" time="0.149" classname="ashwini.GoogleTest"/>
  <testcase name="test1" time="0.0" classname="ashwini.GoogleTest"/>
  <testcase name="test2" time="0.0" classname="ashwini.GoogleTest"/>
</testsuite> <!-- Default test -->
