<?xml version="1.0" encoding="UTF-8"?>
<!-- Generated by org.testng.reporters.JUnitXMLReporter -->
<testsuite hostname="DESKTOP-GGKFFDV" ignored="0" name="Test" tests="4" failures="0" timestamp="26 Aug 2020 05:37:55 GMT" time="48.522" errors="0">
  <testcase name="verifyGoogletitle" time="0.037" classname="ashwini.GoogleTest"/>
  <testcase name="verifyTest" time="0.187" classname="ashwini.GoogleTest"/>
  <testcase name="test1" time="0.0" classname="ashwini.GoogleTest"/>
  <testcase name="test2" time="0.0" classname="ashwini.GoogleTest"/>
</testsuite> <!-- Test -->
