<?xml version="1.0" encoding="UTF-8"?>
<testng-results skipped="0" failed="0" ignored="0" total="4" passed="4">
  <reporter-output>
  </reporter-output>
  <suite name="Default suite" duration-ms="52815" started-at="2020-08-25T08:56:32Z" finished-at="2020-08-25T08:57:25Z">
    <groups>
      <group name="test">
        <method signature="GoogleTest.test1()[pri:4, instance:ashwini.GoogleTest@33afa13b]" name="test1" class="ashwini.GoogleTest"/>
        <method signature="GoogleTest.test2()[pri:5, instance:ashwini.GoogleTest@33afa13b]" name="test2" class="ashwini.GoogleTest"/>
        <method signature="GoogleTest.verifyTest()[pri:3, instance:ashwini.GoogleTest@33afa13b]" name="verifyTest" class="ashwini.GoogleTest"/>
      </group> <!-- test -->
      <group name="title">
        <method signature="GoogleTest.verifyGoogletitle()[pri:1, instance:ashwini.GoogleTest@33afa13b]" name="verifyGoogletitle" class="ashwini.GoogleTest"/>
      </group> <!-- title -->
    </groups>
    <test name="Default test" duration-ms="52815" started-at="2020-08-25T08:56:32Z" finished-at="2020-08-25T08:57:25Z">
      <class name="ashwini.GoogleTest">
        <test-method status="PASS" signature="setup()[pri:0, instance:ashwini.GoogleTest@33afa13b]" name="setup" is-config="true" duration-ms="14513" started-at="2020-08-25T14:26:32Z" finished-at="2020-08-25T14:26:46Z">
          <reporter-output>
          </reporter-output>
        </test-method> <!-- setup -->
        <test-method status="PASS" signature="verifyGoogletitle()[pri:1, instance:ashwini.GoogleTest@33afa13b]" name="verifyGoogletitle" duration-ms="24" started-at="2020-08-25T14:26:46Z" finished-at="2020-08-25T14:26:46Z">
          <reporter-output>
          </reporter-output>
        </test-method> <!-- verifyGoogletitle -->
        <test-method status="PASS" signature="TearDown()[pri:0, instance:ashwini.GoogleTest@33afa13b]" name="TearDown" is-config="true" duration-ms="1044" started-at="2020-08-25T14:26:46Z" finished-at="2020-08-25T14:26:47Z">
          <reporter-output>
          </reporter-output>
        </test-method> <!-- TearDown -->
        <test-method status="PASS" signature="setup()[pri:0, instance:ashwini.GoogleTest@33afa13b]" name="setup" is-config="true" duration-ms="12972" started-at="2020-08-25T14:26:47Z" finished-at="2020-08-25T14:27:00Z">
          <reporter-output>
          </reporter-output>
        </test-method> <!-- setup -->
        <test-method status="PASS" signature="verifyTest()[pri:3, instance:ashwini.GoogleTest@33afa13b]" name="verifyTest" duration-ms="149" started-at="2020-08-25T14:27:00Z" finished-at="2020-08-25T14:27:00Z">
          <reporter-output>
          </reporter-output>
        </test-method> <!-- verifyTest -->
        <test-method status="PASS" signature="TearDown()[pri:0, instance:ashwini.GoogleTest@33afa13b]" name="TearDown" is-config="true" duration-ms="1038" started-at="2020-08-25T14:27:00Z" finished-at="2020-08-25T14:27:02Z">
          <reporter-output>
          </reporter-output>
        </test-method> <!-- TearDown -->
        <test-method status="PASS" signature="setup()[pri:0, instance:ashwini.GoogleTest@33afa13b]" name="setup" is-config="true" duration-ms="11411" started-at="2020-08-25T14:27:02Z" finished-at="2020-08-25T14:27:13Z">
          <reporter-output>
          </reporter-output>
        </test-method> <!-- setup -->
        <test-method status="PASS" signature="test1()[pri:4, instance:ashwini.GoogleTest@33afa13b]" name="test1" duration-ms="0" started-at="2020-08-25T14:27:13Z" finished-at="2020-08-25T14:27:13Z">
          <reporter-output>
          </reporter-output>
        </test-method> <!-- test1 -->
        <test-method status="PASS" signature="TearDown()[pri:0, instance:ashwini.GoogleTest@33afa13b]" name="TearDown" is-config="true" duration-ms="801" started-at="2020-08-25T14:27:13Z" finished-at="2020-08-25T14:27:14Z">
          <reporter-output>
          </reporter-output>
        </test-method> <!-- TearDown -->
        <test-method status="PASS" signature="setup()[pri:0, instance:ashwini.GoogleTest@33afa13b]" name="setup" is-config="true" duration-ms="9381" started-at="2020-08-25T14:27:14Z" finished-at="2020-08-25T14:27:23Z">
          <reporter-output>
          </reporter-output>
        </test-method> <!-- setup -->
        <test-method status="PASS" signature="test2()[pri:5, instance:ashwini.GoogleTest@33afa13b]" name="test2" duration-ms="0" started-at="2020-08-25T14:27:23Z" finished-at="2020-08-25T14:27:23Z">
          <reporter-output>
          </reporter-output>
        </test-method> <!-- test2 -->
        <test-method status="PASS" signature="TearDown()[pri:0, instance:ashwini.GoogleTest@33afa13b]" name="TearDown" is-config="true" duration-ms="1411" started-at="2020-08-25T14:27:23Z" finished-at="2020-08-25T14:27:25Z">
          <reporter-output>
          </reporter-output>
        </test-method> <!-- TearDown -->
      </class> <!-- ashwini.GoogleTest -->
    </test> <!-- Default test -->
  </suite> <!-- Default suite -->
</testng-results>
